TN:
SF:contracts/Ico.sol
FN:39,Ico.advancePhase
FNDA:12,Ico.advancePhase
DA:40,11
BRDA:40,0,0,-
BRDA:40,0,1,4
DA:41,6
BRDA:41,1,0,2
BRDA:41,1,1,4
DA:42,4
DA:43,5
BRDA:43,2,0,-
BRDA:43,2,1,3
DA:44,4
BRDA:44,3,0,1
BRDA:44,3,1,3
DA:45,3
DA:47,1
FN:51,Ico.contribute
FNDA:6,Ico.contribute
DA:52,6
BRDA:52,4,0,4
BRDA:52,4,1,2
DA:53,4
DA:55,2
BRDA:55,5,0,1
BRDA:55,5,1,1
DA:56,1
DA:58,1
BRDA:58,6,0,1
BRDA:58,6,1,1
DA:59,1
FN:63,Ico.contributeSeed
FNDA:4,Ico.contributeSeed
DA:64,4
BRDA:64,7,0,1
BRDA:64,7,1,3
DA:65,3
BRDA:65,8,0,1
BRDA:65,8,1,2
DA:66,2
BRDA:66,9,0,1
BRDA:66,9,1,1
DA:68,1
DA:69,1
DA:71,1
DA:72,1
FN:76,Ico.contributeGeneral
FNDA:1,Ico.contributeGeneral
DA:77,1
BRDA:77,10,0,-
BRDA:77,10,1,1
DA:78,1
BRDA:78,11,0,-
BRDA:78,11,1,1
DA:80,1
DA:81,1
DA:82,1
DA:83,1
FN:86,Ico.contributeOpen
FNDA:1,Ico.contributeOpen
DA:88,1
BRDA:88,12,0,-
BRDA:88,12,1,1
DA:90,1
DA:91,1
DA:92,1
DA:93,1
FN:97,Ico.addressAllowed
FNDA:4,Ico.addressAllowed
DA:98,8
DA:99,16
BRDA:99,13,0,6
BRDA:99,13,1,10
DA:100,6
DA:103,2
FNF:6
FNH:6
LF:35
LH:35
BRF:28
BRH:23
end_of_record
TN:
SF:contracts/SpaceCoin.sol
FN:30,SpaceCoin.transfer
FNDA:3,SpaceCoin.transfer
DA:32,3
BRDA:32,0,0,2
BRDA:32,0,1,1
DA:33,2
DA:34,2
DA:36,2
DA:37,2
DA:39,1
DA:43,3
FN:46,SpaceCoin.toggleTax
FNDA:1,SpaceCoin.toggleTax
DA:47,1
FN:50,SpaceCoin.mint
FNDA:3,SpaceCoin.mint
DA:51,3
FNF:3
FNH:3
LF:9
LH:9
BRF:2
BRH:2
end_of_record
